<?xml version="1.0" encoding="UTF-8"?>
<coverage generated="1719512063853" clover="3.2.0">
  <project timestamp="1719512063853" name="All files">
    <metrics statements="13" coveredstatements="13" conditionals="0" coveredconditionals="0" methods="5" coveredmethods="5" elements="18" coveredelements="18" complexity="0" loc="13" ncloc="13" packages="1" files="1" classes="1"/>
    <file name="index.tsx" path="/Users/deepupavan/Desktop/Zemoso/front-end/Seeder_Application/src/components/atoms/Progress/index.tsx">
      <metrics statements="13" coveredstatements="13" conditionals="0" coveredconditionals="0" methods="5" coveredmethods="5"/>
      <line num="2" count="1" type="stmt"/>
      <line num="3" count="1" type="stmt"/>
      <line num="12" count="1" type="stmt"/>
      <line num="13" count="2" type="stmt"/>
      <line num="24" count="1" type="stmt"/>
      <line num="33" count="2" type="stmt"/>
      <line num="43" count="1" type="stmt"/>
      <line num="52" count="2" type="stmt"/>
      <line num="63" count="2" type="stmt"/>
      <line num="72" count="1" type="stmt"/>
      <line num="77" count="2" type="stmt"/>
      <line num="78" count="2" type="stmt"/>
      <line num="101" count="1" type="stmt"/>
    </file>
  </project>
</coverage>
