{"/Users/deepupavan/Desktop/Zemoso/front-end/Seeder_Application/src/components/atoms/Progress/index.tsx": {"path":"/Users/deepupavan/Desktop/Zemoso/front-end/Seeder_Application/src/components/atoms/Progress/index.tsx","statementMap":{"0":{"start":{"line":2,"column":0},"end":{"line":2,"column":74}},"1":{"start":{"line":3,"column":0},"end":{"line":3,"column":48}},"2":{"start":{"line":12,"column":26},"end":{"line":21,"column":null}},"3":{"start":{"line":13,"column":54},"end":{"line":21,"column":4}},"4":{"start":{"line":24,"column":25},"end":{"line":40,"column":null}},"5":{"start":{"line":33,"column":9},"end":{"line":40,"column":4}},"6":{"start":{"line":43,"column":23},"end":{"line":60,"column":null}},"7":{"start":{"line":52,"column":9},"end":{"line":60,"column":4}},"8":{"start":{"line":63,"column":25},"end":{"line":70,"column":3}},"9":{"start":{"line":63,"column":76},"end":{"line":70,"column":2}},"10":{"start":{"line":72,"column":48},"end":{"line":99,"column":1}},"11":{"start":{"line":77,"column":16},"end":{"line":77,"column":26}},"12":{"start":{"line":78,"column":2},"end":{"line":98,"column":4}},"13":{"start":{"line":101,"column":0},"end":{"line":101,"column":38}}},"fnMap":{"0":{"name":"(anonymous_0)","decl":{"start":{"line":13,"column":2},"end":{"line":13,"column":3}},"loc":{"start":{"line":13,"column":54},"end":{"line":21,"column":4}}},"1":{"name":"(anonymous_1)","decl":{"start":{"line":25,"column":2},"end":{"line":25,"column":3}},"loc":{"start":{"line":33,"column":9},"end":{"line":40,"column":4}}},"2":{"name":"(anonymous_2)","decl":{"start":{"line":44,"column":2},"end":{"line":44,"column":3}},"loc":{"start":{"line":52,"column":9},"end":{"line":60,"column":4}}},"3":{"name":"(anonymous_3)","decl":{"start":{"line":63,"column":44},"end":{"line":63,"column":45}},"loc":{"start":{"line":63,"column":76},"end":{"line":70,"column":2}}},"4":{"name":"(anonymous_4)","decl":{"start":{"line":72,"column":48},"end":{"line":72,"column":49}},"loc":{"start":{"line":76,"column":5},"end":{"line":99,"column":1}}}},"branchMap":{},"s":{"0":1,"1":1,"2":1,"3":2,"4":1,"5":2,"6":1,"7":2,"8":1,"9":2,"10":1,"11":2,"12":2,"13":1},"f":{"0":2,"1":2,"2":2,"3":2,"4":2},"b":{}}
}
