TN:
SF:src/App.tsx
FN:3,(anonymous_0)
FNF:1
FNH:1
FNDA:1,(anonymous_0)
DA:3,1
DA:4,1
DA:7,1
LF:3
LH:3
BRF:0
BRH:0
end_of_record
TN:
SF:src/components/atoms/Avatar/index.tsx
FN:11,(anonymous_0)
FNF:1
FNH:1
FNDA:9,(anonymous_0)
DA:2,2
DA:11,2
DA:12,9
DA:22,2
LF:4
LH:4
BRF:0
BRH:0
end_of_record
TN:
SF:src/components/atoms/Button/index.tsx
FN:20,(anonymous_1)
FN:27,(anonymous_2)
FN:36,(anonymous_3)
FNF:3
FNH:3
FNDA:128,(anonymous_1)
FNDA:127,(anonymous_2)
FNDA:128,(anonymous_3)
DA:2,10
DA:19,10
DA:23,128
DA:24,127
DA:25,127
DA:27,127
DA:36,10
DA:45,128
DA:46,127
DA:48,127
DA:66,10
LF:11
LH:11
BRDA:28,0,0,3
BRDA:28,0,1,124
BRDA:28,1,0,127
BRDA:28,1,1,127
BRF:4
BRH:4
end_of_record
TN:
SF:src/components/atoms/CheckBox/index.tsx
FN:14,(anonymous_1)
FNF:1
FNH:1
FNDA:91,(anonymous_1)
DA:2,2
DA:3,2
DA:4,2
DA:14,2
DA:21,91
DA:35,2
LF:6
LH:6
BRDA:15,0,0,1
BRDA:17,1,0,63
BRF:2
BRH:2
end_of_record
TN:
SF:src/components/atoms/Chip/index.tsx
FN:18,(anonymous_1)
FNF:1
FNH:1
FNDA:10,(anonymous_1)
DA:2,3
DA:3,3
DA:18,3
DA:19,10
DA:20,10
DA:21,10
DA:41,3
LF:7
LH:7
BRDA:22,0,0,3
BRDA:22,0,1,7
BRDA:22,1,0,10
BRDA:22,1,1,10
BRDA:23,2,0,3
BRDA:23,2,1,7
BRDA:23,3,0,10
BRDA:23,3,1,10
BRDA:24,4,0,3
BRDA:24,4,1,7
BRDA:24,5,0,10
BRDA:24,5,1,10
BRDA:27,6,0,1
BRDA:27,6,1,9
BRDA:27,7,0,10
BRDA:27,7,1,10
BRDA:30,8,0,1
BRDA:30,8,1,9
BRDA:30,9,0,10
BRDA:30,9,1,10
BRDA:31,10,0,1
BRDA:31,10,1,9
BRDA:31,11,0,10
BRDA:31,11,1,10
BRDA:32,12,0,1
BRDA:32,12,1,9
BRDA:32,13,0,10
BRDA:32,13,1,10
BRDA:33,14,0,1
BRDA:33,14,1,9
BRDA:33,15,0,10
BRDA:33,15,1,10
BRDA:34,16,0,1
BRDA:34,16,1,9
BRDA:34,17,0,10
BRDA:34,17,1,10
BRF:36
BRH:36
end_of_record
TN:
SF:src/components/atoms/Divider/index.tsx
FN:17,(anonymous_0)
FN:18,(anonymous_1)
FN:30,(anonymous_2)
FNF:3
FNH:3
FNDA:243,(anonymous_0)
FNDA:30,(anonymous_1)
FNDA:30,(anonymous_2)
DA:1,3
DA:2,3
DA:16,3
DA:17,243
DA:18,30
DA:30,3
DA:33,30
DA:48,3
LF:8
LH:8
BRDA:17,0,0,243
BRDA:17,0,1,213
BRDA:21,1,0,1
BRDA:21,1,1,29
BRDA:21,2,0,30
BRDA:21,2,1,30
BRDA:22,3,0,1
BRDA:22,3,1,29
BRDA:22,4,0,30
BRDA:22,4,1,30
BRF:10
BRH:10
end_of_record
TN:
SF:src/components/atoms/Icon/index.tsx
FN:10,(anonymous_0)
FNF:1
FNH:1
FNDA:129,(anonymous_0)
DA:10,8
DA:11,129
DA:14,8
LF:3
LH:3
BRF:0
BRH:0
end_of_record
TN:
SF:src/components/atoms/Progress/index.tsx
FN:12,(anonymous_0)
FN:24,(anonymous_1)
FN:35,(anonymous_2)
FN:55,(anonymous_3)
FN:72,(anonymous_4)
FNF:5
FNH:5
FNDA:8,(anonymous_0)
FNDA:8,(anonymous_1)
FNDA:8,(anonymous_2)
FNDA:8,(anonymous_3)
FNDA:8,(anonymous_4)
DA:2,2
DA:12,8
DA:23,2
DA:24,8
DA:34,2
DA:43,8
DA:54,2
DA:61,8
DA:72,2
DA:79,8
DA:102,2
LF:11
LH:11
BRDA:38,0,0,7
BRDA:56,1,0,7
BRDA:57,2,0,7
BRF:3
BRH:3
end_of_record
TN:
SF:src/components/atoms/Slider/index.tsx
FN:5,(anonymous_1)
FN:42,(anonymous_2)
FN:47,(anonymous_3)
FNF:3
FNH:3
FNDA:5,(anonymous_1)
FNDA:5,(anonymous_2)
FNDA:3,(anonymous_3)
DA:2,1
DA:3,1
DA:5,5
DA:42,1
DA:43,5
DA:47,3
DA:53,1
LF:7
LH:7
BRF:0
BRH:0
end_of_record
TN:
SF:src/components/atoms/TextField/index.tsx
FN:18,(anonymous_1)
FN:58,(anonymous_2)
FNF:2
FNH:2
FNDA:91,(anonymous_1)
FNDA:91,(anonymous_2)
DA:2,5
DA:3,5
DA:4,5
DA:5,5
DA:18,91
DA:58,5
DA:68,91
DA:70,91
DA:94,5
LF:9
LH:9
BRDA:78,0,0,91
BRDA:78,0,1,87
BRDA:80,1,0,73
BRDA:80,1,1,14
BRDA:80,2,0,87
BRDA:80,2,1,87
BRDA:83,3,0,91
BRDA:83,3,1,32
BRDA:85,4,0,31
BRDA:85,4,1,1
BRDA:85,5,0,32
BRDA:85,5,1,32
BRF:12
BRH:12
end_of_record
TN:
SF:src/components/atoms/Typography/index.tsx
FN:11,(anonymous_0)
FNF:1
FNH:1
FNDA:290,(anonymous_0)
DA:2,14
DA:11,14
DA:12,290
DA:19,14
LF:4
LH:4
BRF:0
BRH:0
end_of_record
TN:
SF:src/components/molecules/CashAccelerationCard/index.tsx
FN:31,(anonymous_1)
FN:45,(anonymous_2)
FN:60,(anonymous_3)
FN:68,(anonymous_4)
FN:79,(anonymous_5)
FN:80,(anonymous_6)
FN:94,(anonymous_7)
FNF:7
FNH:7
FNDA:15,(anonymous_1)
FNDA:1,(anonymous_2)
FNDA:13,(anonymous_3)
FNDA:10,(anonymous_4)
FNDA:23,(anonymous_5)
FNDA:23,(anonymous_6)
FNDA:13,(anonymous_7)
DA:2,1
DA:3,1
DA:4,1
DA:5,1
DA:6,1
DA:7,1
DA:30,1
DA:31,15
DA:45,1
DA:60,13
DA:68,10
DA:78,1
DA:79,23
DA:80,23
DA:83,1
DA:89,1
DA:94,1
DA:96,13
DA:97,13
DA:100,13
DA:138,1
LF:21
LH:21
BRDA:37,0,0,14
BRDA:37,0,1,1
BRDA:37,1,0,15
BRDA:37,1,1,15
BRDA:38,2,0,14
BRDA:38,2,1,1
BRDA:41,3,0,14
BRDA:41,3,1,1
BRDA:41,4,0,15
BRDA:41,4,1,15
BRDA:79,5,0,10
BRDA:79,5,1,13
BRDA:79,6,0,23
BRDA:79,6,1,23
BRDA:80,7,0,10
BRDA:80,7,1,13
BRDA:80,8,0,23
BRDA:80,8,1,23
BRDA:103,9,0,13
BRDA:103,9,1,1
BRDA:108,10,0,3
BRDA:108,10,1,10
BRDA:111,11,0,1
BRDA:111,11,1,2
BRDA:111,12,0,3
BRDA:111,12,1,3
BRDA:112,13,0,1
BRDA:112,13,1,2
BRDA:112,14,0,3
BRDA:112,14,1,3
BRDA:113,15,0,1
BRDA:113,15,1,2
BRDA:113,16,0,3
BRDA:113,16,1,3
BRF:34
BRH:34
end_of_record
TN:
SF:src/components/molecules/CongratsCard/index.tsx
FN:16,(anonymous_1)
FN:29,(anonymous_2)
FN:38,(anonymous_3)
FN:67,(anonymous_4)
FN:86,(anonymous_5)
FNF:5
FNH:5
FNDA:1,(anonymous_1)
FNDA:1,(anonymous_2)
FNDA:1,(anonymous_3)
FNDA:1,(anonymous_4)
FNDA:1,(anonymous_5)
DA:2,1
DA:3,1
DA:4,1
DA:5,1
DA:6,1
DA:7,1
DA:16,1
DA:29,1
DA:38,1
DA:60,1
DA:66,1
DA:67,1
DA:86,1
DA:92,1
DA:93,1
DA:109,1
LF:16
LH:16
BRF:0
BRH:0
end_of_record
TN:
SF:src/components/molecules/ContractsTable/index.tsx
FN:43,(anonymous_2)
FN:55,(anonymous_3)
FN:74,(anonymous_4)
FN:94,(anonymous_5)
FN:124,(anonymous_6)
FN:139,(anonymous_7)
FN:140,(anonymous_8)
FN:172,(anonymous_9)
FN:184,(anonymous_10)
FN:190,(anonymous_11)
FN:213,(anonymous_12)
FNF:11
FNH:11
FNDA:27,(anonymous_2)
FNDA:27,(anonymous_3)
FNDA:4,(anonymous_4)
FNDA:2,(anonymous_5)
FNDA:5,(anonymous_6)
FNDA:5,(anonymous_7)
FNDA:15,(anonymous_8)
FNDA:22,(anonymous_9)
FNDA:37,(anonymous_10)
FNDA:16,(anonymous_11)
FNDA:7,(anonymous_12)
DA:2,1
DA:3,1
DA:4,1
DA:5,1
DA:6,1
DA:7,1
DA:9,1
DA:18,1
DA:29,1
DA:43,27
DA:47,1
DA:51,1
DA:55,1
DA:61,27
DA:74,1
DA:75,4
DA:94,1
DA:95,2
DA:124,1
DA:133,5
DA:139,5
DA:141,15
DA:145,1
DA:152,1
DA:172,1
DA:184,37
DA:190,22
DA:191,16
DA:194,22
DA:214,7
DA:225,1
LF:31
LH:31
BRDA:62,0,0,25
BRDA:62,0,1,2
BRDA:62,1,0,27
BRDA:62,1,1,27
BRDA:65,2,0,20
BRDA:65,2,1,7
BRDA:65,3,0,27
BRDA:65,3,1,27
BRDA:135,4,0,4
BRDA:135,4,1,1
BRDA:135,5,0,5
BRDA:135,5,1,5
BRDA:141,6,0,3
BRDA:141,6,1,12
BRDA:141,7,0,15
BRDA:141,7,1,15
BRDA:191,8,0,0
BRDA:191,8,1,16
BRDA:200,9,0,20
BRDA:200,9,1,2
BRDA:214,10,0,0
BRDA:214,10,1,7
BRDA:214,11,0,7
BRDA:214,11,1,7
BRF:24
BRH:22
end_of_record
TN:
SF:src/components/molecules/HeaderCard/index.tsx
FN:19,(anonymous_1)
FN:30,(anonymous_2)
FN:36,(anonymous_3)
FN:41,(anonymous_4)
FN:52,(anonymous_5)
FN:62,(anonymous_6)
FNF:6
FNH:6
FNDA:5,(anonymous_1)
FNDA:5,(anonymous_2)
FNDA:5,(anonymous_3)
FNDA:5,(anonymous_4)
FNDA:5,(anonymous_5)
FNDA:5,(anonymous_6)
DA:2,1
DA:3,1
DA:4,1
DA:5,1
DA:6,1
DA:7,1
DA:19,5
DA:30,5
DA:36,5
DA:41,5
DA:46,1
DA:52,5
DA:57,1
DA:62,1
DA:71,5
DA:73,5
DA:74,5
DA:76,5
DA:82,5
DA:116,1
LF:20
LH:20
BRDA:67,0,0,5
BRDA:68,1,0,5
BRDA:69,2,0,1
BRDA:73,3,0,3
BRDA:73,3,1,2
BRDA:74,4,0,1
BRDA:74,4,1,4
BRDA:87,5,0,4
BRDA:87,5,1,1
BRDA:90,6,0,5
BRDA:90,6,1,4
BRDA:95,7,0,4
BRDA:95,7,1,1
BRF:13
BRH:13
end_of_record
TN:
SF:src/components/molecules/IconTypography/index.tsx
FN:31,(anonymous_1)
FN:53,(anonymous_2)
FN:77,(anonymous_3)
FNF:3
FNH:3
FNDA:4,(anonymous_1)
FNDA:4,(anonymous_2)
FNDA:5,(anonymous_3)
DA:2,1
DA:3,1
DA:4,1
DA:5,1
DA:24,1
DA:30,1
DA:39,4
DA:46,1
DA:53,1
DA:65,4
DA:78,5
DA:92,1
LF:12
LH:12
BRDA:58,0,0,1
BRDA:59,1,0,1
BRDA:60,2,0,2
BRDA:86,3,0,4
BRDA:86,3,1,1
BRF:5
BRH:5
end_of_record
TN:
SF:src/components/molecules/SocialLogin/index.tsx
FN:15,(anonymous_1)
FN:28,(anonymous_2)
FN:33,(anonymous_3)
FN:39,(anonymous_4)
FNF:4
FNH:4
FNDA:78,(anonymous_1)
FNDA:78,(anonymous_2)
FNDA:78,(anonymous_3)
FNDA:78,(anonymous_4)
DA:2,3
DA:3,3
DA:4,3
DA:15,78
DA:28,78
DA:33,78
DA:39,3
DA:47,78
LF:8
LH:8
BRF:0
BRH:0
end_of_record
TN:
SF:src/components/molecules/TypographyButton/index.tsx
FN:15,(anonymous_1)
FN:31,(anonymous_2)
FN:41,(anonymous_3)
FNF:3
FNH:3
FNDA:43,(anonymous_1)
FNDA:43,(anonymous_2)
FNDA:43,(anonymous_3)
DA:2,4
DA:3,4
DA:4,4
DA:5,4
DA:15,43
DA:31,43
DA:41,4
DA:48,43
DA:62,4
LF:9
LH:9
BRF:0
BRH:0
end_of_record
TN:
SF:src/components/molecules/TypographyWithIcon/index.tsx
FN:33,(anonymous_1)
FN:42,(anonymous_2)
FN:46,(anonymous_3)
FNF:3
FNH:3
FNDA:4,(anonymous_1)
FNDA:4,(anonymous_2)
FNDA:4,(anonymous_3)
DA:2,1
DA:3,1
DA:4,1
DA:32,1
DA:33,4
DA:40,1
DA:42,4
DA:46,1
DA:58,4
LF:9
LH:9
BRDA:43,0,0,4
BRDA:43,0,1,3
BRF:2
BRH:2
end_of_record
TN:
SF:src/components/organisms/CashKickCard/index.tsx
FN:33,(anonymous_1)
FNF:1
FNH:1
FNDA:1,(anonymous_1)
DA:2,1
DA:3,1
DA:4,1
DA:5,1
DA:12,1
DA:21,1
DA:33,1
DA:34,1
DA:68,1
LF:9
LH:9
BRF:0
BRH:0
end_of_record
TN:
SF:src/components/organisms/ChangePassword/index.tsx
FN:9,(anonymous_1)
FN:32,(anonymous_2)
FN:41,(anonymous_3)
FN:62,(anonymous_4)
FNF:4
FNH:4
FNDA:4,(anonymous_1)
FNDA:8,(anonymous_2)
FNDA:4,(anonymous_3)
FNDA:4,(anonymous_4)
DA:2,1
DA:3,1
DA:4,1
DA:5,1
DA:7,1
DA:9,4
DA:25,1
DA:32,8
DA:41,4
DA:62,1
DA:69,4
DA:70,4
DA:71,4
DA:127,1
LF:14
LH:14
BRDA:111,0,0,4
BRDA:111,0,1,4
BRDA:111,0,2,1
BRF:3
BRH:3
end_of_record
TN:
SF:src/components/organisms/LoginForm/index.tsx
FN:12,(anonymous_7)
FN:36,(anonymous_8)
FN:45,(anonymous_9)
FN:56,(anonymous_10)
FN:71,(anonymous_11)
FN:77,(anonymous_12)
FN:83,(anonymous_13)
FN:107,(anonymous_14)
FN:140,(anonymous_15)
FN:148,(anonymous_16)
FN:149,(anonymous_17)
FN:150,(anonymous_18)
FN:151,(anonymous_19)
FNF:13
FNH:13
FNDA:25,(anonymous_7)
FNDA:50,(anonymous_8)
FNDA:25,(anonymous_9)
FNDA:25,(anonymous_10)
FNDA:12,(anonymous_11)
FNDA:25,(anonymous_12)
FNDA:25,(anonymous_13)
FNDA:25,(anonymous_14)
FNDA:12,(anonymous_15)
FNDA:1,(anonymous_16)
FNDA:1,(anonymous_17)
FNDA:1,(anonymous_18)
FNDA:1,(anonymous_19)
DA:2,2
DA:3,2
DA:4,2
DA:5,2
DA:6,2
DA:7,2
DA:8,2
DA:9,2
DA:10,2
DA:12,25
DA:28,2
DA:36,50
DA:45,25
DA:56,25
DA:71,12
DA:77,25
DA:83,25
DA:107,2
DA:112,25
DA:140,2
DA:153,12
DA:155,12
DA:230,2
LF:23
LH:23
BRDA:141,0,0,10
BRDA:142,1,0,10
BRDA:148,2,0,12
BRDA:149,3,0,11
BRDA:150,4,0,11
BRDA:151,5,0,11
BRDA:153,6,0,12
BRDA:153,6,1,2
BRF:8
BRH:8
end_of_record
TN:
SF:src/components/organisms/ResetPassword/index.tsx
FN:9,(anonymous_1)
FN:30,(anonymous_2)
FN:41,(anonymous_3)
FN:66,(anonymous_4)
FN:72,(anonymous_5)
FN:74,(anonymous_6)
FN:79,(anonymous_7)
FNF:7
FNH:7
FNDA:13,(anonymous_1)
FNDA:13,(anonymous_2)
FNDA:13,(anonymous_3)
FNDA:13,(anonymous_4)
FNDA:1,(anonymous_5)
FNDA:1,(anonymous_6)
FNDA:4,(anonymous_7)
DA:1,1
DA:2,1
DA:3,1
DA:4,1
DA:5,1
DA:6,1
DA:7,1
DA:9,13
DA:30,13
DA:41,13
DA:66,1
DA:76,13
DA:77,13
DA:79,13
DA:80,4
DA:81,4
DA:82,4
DA:83,4
DA:87,13
DA:124,1
LF:20
LH:20
BRDA:33,0,0,4
BRDA:33,0,1,9
BRDA:34,1,0,4
BRDA:34,1,1,9
BRDA:72,2,0,12
BRDA:74,3,0,12
BRDA:82,4,0,4
BRF:7
BRH:7
end_of_record
TN:
SF:src/components/organisms/SideNavBar/index.tsx
FN:14,(anonymous_1)
FN:32,(anonymous_2)
FN:40,(anonymous_3)
FN:47,(anonymous_4)
FN:51,(anonymous_5)
FN:66,(anonymous_6)
FN:79,(anonymous_7)
FN:88,(anonymous_8)
FN:97,(anonymous_9)
FN:110,(anonymous_10)
FN:114,(anonymous_11)
FNF:11
FNH:11
FNDA:6,(anonymous_1)
FNDA:6,(anonymous_2)
FNDA:6,(anonymous_3)
FNDA:6,(anonymous_4)
FNDA:12,(anonymous_5)
FNDA:18,(anonymous_6)
FNDA:6,(anonymous_7)
FNDA:6,(anonymous_8)
FNDA:4,(anonymous_9)
FNDA:12,(anonymous_10)
FNDA:4,(anonymous_11)
DA:1,1
DA:2,1
DA:3,1
DA:4,1
DA:5,1
DA:6,1
DA:14,6
DA:32,6
DA:40,6
DA:47,6
DA:51,12
DA:66,18
DA:79,6
DA:88,1
DA:90,6
DA:92,6
DA:97,6
DA:98,4
DA:101,6
DA:111,12
DA:115,4
DA:132,1
LF:22
LH:22
BRDA:55,0,0,4
BRDA:55,0,1,8
BRDA:60,1,0,4
BRDA:60,1,1,8
BRDA:67,2,0,4
BRDA:67,2,1,14
BRDA:88,3,0,3
BRF:7
BRH:7
end_of_record
TN:
SF:src/components/organisms/SignupForm/index.tsx
FN:37,(anonymous_7)
FN:45,(anonymous_8)
FN:46,(anonymous_9)
FN:47,(anonymous_10)
FN:48,(anonymous_11)
FN:49,(anonymous_12)
FNF:6
FNH:6
FNDA:13,(anonymous_7)
FNDA:1,(anonymous_8)
FNDA:1,(anonymous_9)
FNDA:2,(anonymous_10)
FNDA:2,(anonymous_11)
FNDA:2,(anonymous_12)
DA:2,1
DA:3,1
DA:4,1
DA:5,1
DA:6,1
DA:7,1
DA:8,1
DA:12,1
DA:37,1
DA:51,13
DA:53,13
DA:124,1
LF:12
LH:12
BRDA:38,0,0,11
BRDA:39,1,0,11
BRDA:40,2,0,11
BRDA:45,3,0,13
BRDA:46,4,0,12
BRDA:47,5,0,12
BRDA:48,6,0,12
BRDA:49,7,0,12
BRDA:51,8,0,13
BRDA:51,8,1,2
BRDA:51,8,2,2
BRF:11
BRH:11
end_of_record
TN:
SF:src/theme/index.tsx
FNF:0
FNH:0
DA:1,19
DA:2,19
DA:143,19
DA:194,19
DA:245,19
DA:363,19
LF:6
LH:6
BRF:0
BRH:0
end_of_record
TN:
SF:src/utils/helper.ts
FN:1,(anonymous_0)
FNF:1
FNH:1
FNDA:1,(anonymous_0)
DA:1,1
DA:2,1
LF:2
LH:2
BRF:0
BRH:0
end_of_record
TN:
SF:src/utils/Constants/index.tsx
FNF:0
FNH:0
DA:1,9
DA:2,9
DA:4,9
DA:33,9
DA:51,9
DA:61,9
DA:63,9
DA:130,9
LF:8
LH:8
BRF:0
BRH:0
end_of_record
