TN:
SF:src/App.tsx
FN:4,App
FNF:1
FNH:1
FNDA:1,App
DA:2,1
DA:4,1
DA:5,1
LF:3
LH:3
BRF:0
BRH:0
end_of_record
TN:
SF:src/components/atoms/Progress/index.tsx
FN:12,(anonymous_0)
FN:24,(anonymous_1)
FN:35,(anonymous_2)
FN:55,(anonymous_3)
FN:72,(anonymous_4)
FNF:5
FNH:5
FNDA:5,(anonymous_0)
FNDA:5,(anonymous_1)
FNDA:5,(anonymous_2)
FNDA:5,(anonymous_3)
FNDA:5,(anonymous_4)
DA:2,1
DA:12,5
DA:23,1
DA:24,5
DA:34,1
DA:43,5
DA:54,1
DA:61,5
DA:72,1
DA:79,5
DA:102,1
LF:11
LH:11
BRDA:38,0,0,4
BRDA:56,1,0,4
BRDA:57,2,0,4
BRF:3
BRH:3
end_of_record
